<?xml version="1.0" encoding="UTF-8"?>
<!-- Generated by org.testng.reporters.JUnitReportReporter -->
<testsuite hostname="DEL1-DHP-27675" name="TestCase.FacebookDemo" tests="1" failures="0" timestamp="24 Feb 2017 10:49:41 GMT" time="8.156" errors="0">
  <testcase name="fbDemo" time="8.156" classname="TestCase.FacebookDemo"/>
</testsuite> <!-- TestCase.FacebookDemo -->
