<?xml version="1.0" encoding="UTF-8"?>
<!-- Generated by org.testng.reporters.JUnitReportReporter -->
<testsuite hostname="DEL1-DHP-27675" name="TestCase.LoginTest" tests="1" failures="0" timestamp="24 Feb 2017 10:49:41 GMT" time="8.835" errors="0">
  <testcase name="myLogin" time="8.835" classname="TestCase.LoginTest"/>
</testsuite> <!-- TestCase.LoginTest -->
